-------------------------------------------------------------------------------
Test set: US1002 Kullanici ortak adimlari Background ile calistirir
-------------------------------------------------------------------------------
Tests run: 3, Failures: 0, Errors: 1, Skipped: 0, Time elapsed: 48.375 s <<< FAILURE! - in US1002 Kullanici ortak adimlari Background ile calistirir
US1002 Kullanici ortak adimlari Background ile calistirir.TC06 kullanici amazonda topseker aratir  Time elapsed: 23.134 s  <<< ERROR!
org.openqa.selenium.NoSuchElementException: 
Unable to find element with locator By.xpath: //div[@class='a-section a-spacing-small a-spacing-top-small']
For documentation on this error, please visit: https://www.selenium.dev/documentation/webdriver/troubleshooting/errors#no-such-element-exception
Build info: version: '4.12.1', revision: '8e34639b11'
System info: os.name: 'Windows 11', os.arch: 'amd64', os.version: '10.0', java.version: '19.0.2'
Driver info: driver.version: RemoteWebDriver
	at org.openqa.selenium.remote.ElementLocation$ElementFinder$2.findElement(ElementLocation.java:168)
	at org.openqa.selenium.remote.ElementLocation.findElement(ElementLocation.java:59)
	at org.openqa.selenium.remote.RemoteWebDriver.findElement(RemoteWebDriver.java:359)
	at org.openqa.selenium.remote.RemoteWebDriver.findElement(RemoteWebDriver.java:353)
	at org.openqa.selenium.support.pagefactory.DefaultElementLocator.findElement(DefaultElementLocator.java:68)
	at org.openqa.selenium.support.pagefactory.internal.LocatingElementHandler.invoke(LocatingElementHandler.java:38)
	at jdk.proxy2/jdk.proxy2.$Proxy22.getText(Unknown Source)
	at stepDefinitions.AmazonStepDefinitions.sonuclarınAppleIcermediginiTestEder(AmazonStepDefinitions.java:99)
	at ✽.sonucların apple icermedigini test eder(file:///C:/Users/Lenovo/IdeaProjects/Cucumber_Practice/src/test/resources/features/US1002_background.feature:34)

