<?xml version="1.0" encoding="UTF-8"?>
<testsuite name="Cucumber" time="48.492" tests="3" skipped="0" failures="1" errors="0">
<testcase classname="US1002 Kullanici ortak adimlari Background ile calistirir" name="TC04 kullanici amazonda nutella aratir" time="12.422">
<system-out><![CDATA[
Given kullanici amazon sayfasinda...........................................passed
Given kullanici Nutella icin arama yapar....................................passed
Then sonuclarin Nutella icerdigini test eder................................passed
And sayfayi kapatir.........................................................passed
]]></system-out>
</testcase>
<testcase classname="US1002 Kullanici ortak adimlari Background ile calistirir" name="TC05 kullanici amazonda Java aratir" time="12.698">
<system-out><![CDATA[
Given kullanici amazon sayfasinda...........................................passed
Given kullanici Java icin arama yapar.......................................passed
Then sonuclarin Java icerdigini test eder...................................passed
And sayfayi kapatir.........................................................passed
]]></system-out>
</testcase>
<testcase classname="US1002 Kullanici ortak adimlari Background ile calistirir" name="TC06 kullanici amazonda topseker aratir" time="23.121">
<failure type="org.openqa.selenium.NoSuchElementException" message="Unable to find element with locator By.xpath: //div[@class='a-section a-spacing-small a-spacing-top-small']
For documentation on this error, please visit: https://www.selenium.dev/documentation/webdriver/troubleshooting/errors#no-such-element-exception
Build info: version: '4.12.1', revision: '8e34639b11'
System info: os.name: 'Windows 11', os.arch: 'amd64', os.version: '10.0', java.version: '19.0.2'
Driver info: driver.version: RemoteWebDriver">
<![CDATA[org.openqa.selenium.NoSuchElementException: Unable to find element with locator By.xpath: //div[@class='a-section a-spacing-small a-spacing-top-small']
For documentation on this error, please visit: https://www.selenium.dev/documentation/webdriver/troubleshooting/errors#no-such-element-exception
Build info: version: '4.12.1', revision: '8e34639b11'
System info: os.name: 'Windows 11', os.arch: 'amd64', os.version: '10.0', java.version: '19.0.2'
Driver info: driver.version: RemoteWebDriver
	at org.openqa.selenium.remote.ElementLocation$ElementFinder$2.findElement(ElementLocation.java:168)
	at org.openqa.selenium.remote.ElementLocation.findElement(ElementLocation.java:59)
	at org.openqa.selenium.remote.RemoteWebDriver.findElement(RemoteWebDriver.java:359)
	at org.openqa.selenium.remote.RemoteWebDriver.findElement(RemoteWebDriver.java:353)
	at org.openqa.selenium.support.pagefactory.DefaultElementLocator.findElement(DefaultElementLocator.java:68)
	at org.openqa.selenium.support.pagefactory.internal.LocatingElementHandler.invoke(LocatingElementHandler.java:38)
	at jdk.proxy2/jdk.proxy2.$Proxy22.getText(Unknown Source)
	at stepDefinitions.AmazonStepDefinitions.sonuclarınAppleIcermediginiTestEder(AmazonStepDefinitions.java:99)
	at ✽.sonucların apple icermedigini test eder(file:///C:/Users/Lenovo/IdeaProjects/Cucumber_Practice/src/test/resources/features/US1002_background.feature:34)
]]>
</failure>
<system-out><![CDATA[
Given kullanici amazon sayfasinda...........................................passed
Given kullanici topseker icin arama yapar...................................passed
Then sonucların apple icermedigini test eder................................failed
And sayfayi kapatir.........................................................skipped
]]></system-out>
</testcase>
</testsuite>
